mode: set
github.com/KiraCore/interx/gateway/interx/faucet.go:21.95,25.2 2 0
github.com/KiraCore/interx/gateway/interx/faucet.go:27.102,33.2 4 1
github.com/KiraCore/interx/gateway/interx/faucet.go:46.176,49.16 2 1
github.com/KiraCore/interx/gateway/interx/faucet.go:55.2,56.16 2 1
github.com/KiraCore/interx/gateway/interx/faucet.go:62.2,63.18 2 1
github.com/KiraCore/interx/gateway/interx/faucet.go:68.2,74.44 6 1
github.com/KiraCore/interx/gateway/interx/faucet.go:80.2,82.40 3 1
github.com/KiraCore/interx/gateway/interx/faucet.go:88.2,91.9 3 1
github.com/KiraCore/interx/gateway/interx/faucet.go:96.2,101.9 4 1
github.com/KiraCore/interx/gateway/interx/faucet.go:106.2,110.9 3 1
github.com/KiraCore/interx/gateway/interx/faucet.go:115.2,117.16 2 1
github.com/KiraCore/interx/gateway/interx/faucet.go:127.2,127.40 1 1
github.com/KiraCore/interx/gateway/interx/faucet.go:132.2,135.50 4 1
github.com/KiraCore/interx/gateway/interx/faucet.go:140.2,143.45 4 1
github.com/KiraCore/interx/gateway/interx/faucet.go:149.2,167.16 9 1
github.com/KiraCore/interx/gateway/interx/faucet.go:172.2,178.16 5 1
github.com/KiraCore/interx/gateway/interx/faucet.go:183.2,184.16 2 1
github.com/KiraCore/interx/gateway/interx/faucet.go:189.2,192.16 3 1
github.com/KiraCore/interx/gateway/interx/faucet.go:197.2,202.16 5 1
github.com/KiraCore/interx/gateway/interx/faucet.go:208.2,209.16 2 1
github.com/KiraCore/interx/gateway/interx/faucet.go:215.2,220.57 3 1
github.com/KiraCore/interx/gateway/interx/faucet.go:49.16,52.3 2 0
github.com/KiraCore/interx/gateway/interx/faucet.go:56.16,59.3 2 0
github.com/KiraCore/interx/gateway/interx/faucet.go:63.18,66.3 2 0
github.com/KiraCore/interx/gateway/interx/faucet.go:74.44,75.29 1 1
github.com/KiraCore/interx/gateway/interx/faucet.go:75.29,77.4 1 1
github.com/KiraCore/interx/gateway/interx/faucet.go:82.40,83.29 1 1
github.com/KiraCore/interx/gateway/interx/faucet.go:83.29,85.4 1 1
github.com/KiraCore/interx/gateway/interx/faucet.go:91.9,94.3 2 0
github.com/KiraCore/interx/gateway/interx/faucet.go:101.9,104.3 2 0
github.com/KiraCore/interx/gateway/interx/faucet.go:110.9,113.3 2 0
github.com/KiraCore/interx/gateway/interx/faucet.go:117.16,120.3 2 0
github.com/KiraCore/interx/gateway/interx/faucet.go:127.40,130.3 2 0
github.com/KiraCore/interx/gateway/interx/faucet.go:135.50,138.3 2 0
github.com/KiraCore/interx/gateway/interx/faucet.go:143.45,146.3 2 0
github.com/KiraCore/interx/gateway/interx/faucet.go:167.16,169.13 2 0
github.com/KiraCore/interx/gateway/interx/faucet.go:178.16,181.3 2 0
github.com/KiraCore/interx/gateway/interx/faucet.go:184.16,187.3 2 0
github.com/KiraCore/interx/gateway/interx/faucet.go:192.16,195.3 2 0
github.com/KiraCore/interx/gateway/interx/faucet.go:202.16,205.3 2 0
github.com/KiraCore/interx/gateway/interx/faucet.go:209.16,212.3 2 0
github.com/KiraCore/interx/gateway/interx/faucet.go:224.84,225.54 1 0
github.com/KiraCore/interx/gateway/interx/faucet.go:225.54,234.43 7 0
github.com/KiraCore/interx/gateway/interx/faucet.go:245.3,245.64 1 0
github.com/KiraCore/interx/gateway/interx/faucet.go:234.43,237.4 1 0
github.com/KiraCore/interx/gateway/interx/faucet.go:237.9,237.50 1 0
github.com/KiraCore/interx/gateway/interx/faucet.go:237.50,240.4 1 0
github.com/KiraCore/interx/gateway/interx/faucet.go:240.9,243.4 2 0
github.com/KiraCore/interx/gateway/interx/genesis.go:19.95,25.2 4 0
github.com/KiraCore/interx/gateway/interx/genesis.go:27.27,29.2 1 1
github.com/KiraCore/interx/gateway/interx/genesis.go:31.40,33.16 2 1
github.com/KiraCore/interx/gateway/interx/genesis.go:37.2,46.16 6 0
github.com/KiraCore/interx/gateway/interx/genesis.go:50.2,51.16 2 0
github.com/KiraCore/interx/gateway/interx/genesis.go:55.2,59.12 4 0
github.com/KiraCore/interx/gateway/interx/genesis.go:33.16,35.3 1 1
github.com/KiraCore/interx/gateway/interx/genesis.go:46.16,48.3 1 0
github.com/KiraCore/interx/gateway/interx/genesis.go:51.16,53.3 1 0
github.com/KiraCore/interx/gateway/interx/genesis.go:62.43,67.16 4 1
github.com/KiraCore/interx/gateway/interx/genesis.go:71.2,71.48 1 1
github.com/KiraCore/interx/gateway/interx/genesis.go:67.16,69.3 1 0
github.com/KiraCore/interx/gateway/interx/genesis.go:74.77,76.16 2 1
github.com/KiraCore/interx/gateway/interx/genesis.go:80.2,84.16 4 1
github.com/KiraCore/interx/gateway/interx/genesis.go:88.2,91.58 3 1
github.com/KiraCore/interx/gateway/interx/genesis.go:76.16,78.3 1 0
github.com/KiraCore/interx/gateway/interx/genesis.go:84.16,86.3 1 0
github.com/KiraCore/interx/gateway/interx/genesis.go:95.52,96.54 1 0
github.com/KiraCore/interx/gateway/interx/genesis.go:96.54,98.34 2 0
github.com/KiraCore/interx/gateway/interx/genesis.go:98.34,100.4 1 0
github.com/KiraCore/interx/gateway/interx/genesis.go:100.9,102.4 1 0
github.com/KiraCore/interx/gateway/interx/genesis.go:106.77,109.16 3 1
github.com/KiraCore/interx/gateway/interx/genesis.go:113.2,120.35 3 1
github.com/KiraCore/interx/gateway/interx/genesis.go:109.16,111.3 1 0
github.com/KiraCore/interx/gateway/interx/genesis.go:124.55,125.54 1 0
github.com/KiraCore/interx/gateway/interx/genesis.go:125.54,133.3 5 0
github.com/KiraCore/interx/gateway/interx/interx.tx.go:30.91,39.2 7 0
github.com/KiraCore/interx/gateway/interx/interx.tx.go:41.37,48.2 5 0
github.com/KiraCore/interx/gateway/interx/interx.tx.go:51.196,54.18 2 1
github.com/KiraCore/interx/gateway/interx/interx.tx.go:58.2,58.21 1 1
github.com/KiraCore/interx/gateway/interx/interx.tx.go:62.2,62.37 1 1
github.com/KiraCore/interx/gateway/interx/interx.tx.go:66.2,66.18 1 1
github.com/KiraCore/interx/gateway/interx/interx.tx.go:70.2,70.22 1 1
github.com/KiraCore/interx/gateway/interx/interx.tx.go:74.2,74.22 1 1
github.com/KiraCore/interx/gateway/interx/interx.tx.go:79.2,80.15 2 1
github.com/KiraCore/interx/gateway/interx/interx.tx.go:83.2,86.16 3 1
github.com/KiraCore/interx/gateway/interx/interx.tx.go:90.2,96.59 4 1
github.com/KiraCore/interx/gateway/interx/interx.tx.go:101.2,101.27 1 1
github.com/KiraCore/interx/gateway/interx/interx.tx.go:106.2,107.66 2 1
github.com/KiraCore/interx/gateway/interx/interx.tx.go:112.2,112.20 1 1
github.com/KiraCore/interx/gateway/interx/interx.tx.go:54.18,56.3 1 1
github.com/KiraCore/interx/gateway/interx/interx.tx.go:58.21,60.3 1 0
github.com/KiraCore/interx/gateway/interx/interx.tx.go:62.37,64.3 1 0
github.com/KiraCore/interx/gateway/interx/interx.tx.go:66.18,68.3 1 0
github.com/KiraCore/interx/gateway/interx/interx.tx.go:70.22,72.3 1 1
github.com/KiraCore/interx/gateway/interx/interx.tx.go:74.22,76.3 1 1
github.com/KiraCore/interx/gateway/interx/interx.tx.go:80.15,82.3 1 1
github.com/KiraCore/interx/gateway/interx/interx.tx.go:86.16,89.3 2 0
github.com/KiraCore/interx/gateway/interx/interx.tx.go:96.59,99.3 2 0
github.com/KiraCore/interx/gateway/interx/interx.tx.go:101.27,104.3 2 0
github.com/KiraCore/interx/gateway/interx/interx.tx.go:107.66,110.3 2 0
github.com/KiraCore/interx/gateway/interx/interx.tx.go:115.65,120.16 4 0
github.com/KiraCore/interx/gateway/interx/interx.tx.go:124.2,129.59 4 0
github.com/KiraCore/interx/gateway/interx/interx.tx.go:133.2,133.27 1 0
github.com/KiraCore/interx/gateway/interx/interx.tx.go:138.2,139.66 2 0
github.com/KiraCore/interx/gateway/interx/interx.tx.go:144.2,144.27 1 0
github.com/KiraCore/interx/gateway/interx/interx.tx.go:120.16,123.3 2 0
github.com/KiraCore/interx/gateway/interx/interx.tx.go:129.59,132.3 2 0
github.com/KiraCore/interx/gateway/interx/interx.tx.go:133.27,136.3 2 0
github.com/KiraCore/interx/gateway/interx/interx.tx.go:139.66,142.3 2 0
github.com/KiraCore/interx/gateway/interx/interx.tx.go:147.118,149.16 2 1
github.com/KiraCore/interx/gateway/interx/interx.tx.go:154.2,165.19 3 1
github.com/KiraCore/interx/gateway/interx/interx.tx.go:170.2,170.16 1 1
github.com/KiraCore/interx/gateway/interx/interx.tx.go:176.2,176.64 1 1
github.com/KiraCore/interx/gateway/interx/interx.tx.go:187.2,187.51 1 1
github.com/KiraCore/interx/gateway/interx/interx.tx.go:194.2,195.18 2 1
github.com/KiraCore/interx/gateway/interx/interx.tx.go:199.2,203.16 3 1
github.com/KiraCore/interx/gateway/interx/interx.tx.go:250.2,252.43 2 1
github.com/KiraCore/interx/gateway/interx/interx.tx.go:507.2,516.32 5 1
github.com/KiraCore/interx/gateway/interx/interx.tx.go:149.16,152.3 2 0
github.com/KiraCore/interx/gateway/interx/interx.tx.go:165.19,168.3 2 0
github.com/KiraCore/interx/gateway/interx/interx.tx.go:170.16,172.3 1 1
github.com/KiraCore/interx/gateway/interx/interx.tx.go:172.8,174.3 1 0
github.com/KiraCore/interx/gateway/interx/interx.tx.go:176.64,177.60 1 0
github.com/KiraCore/interx/gateway/interx/interx.tx.go:181.3,181.38 1 0
github.com/KiraCore/interx/gateway/interx/interx.tx.go:177.60,180.4 2 0
github.com/KiraCore/interx/gateway/interx/interx.tx.go:181.38,184.4 2 0
github.com/KiraCore/interx/gateway/interx/interx.tx.go:187.51,188.52 1 0
github.com/KiraCore/interx/gateway/interx/interx.tx.go:188.52,191.4 2 0
github.com/KiraCore/interx/gateway/interx/interx.tx.go:195.18,197.3 1 1
github.com/KiraCore/interx/gateway/interx/interx.tx.go:203.16,205.17 2 1
github.com/KiraCore/interx/gateway/interx/interx.tx.go:210.3,210.34 1 1
github.com/KiraCore/interx/gateway/interx/interx.tx.go:205.17,208.4 2 0
github.com/KiraCore/interx/gateway/interx/interx.tx.go:211.8,213.17 2 0
github.com/KiraCore/interx/gateway/interx/interx.tx.go:219.3,220.17 2 0
github.com/KiraCore/interx/gateway/interx/interx.tx.go:225.3,226.39 2 0
github.com/KiraCore/interx/gateway/interx/interx.tx.go:239.3,239.54 1 0
github.com/KiraCore/interx/gateway/interx/interx.tx.go:213.17,216.4 2 0
github.com/KiraCore/interx/gateway/interx/interx.tx.go:220.17,223.4 2 0
github.com/KiraCore/interx/gateway/interx/interx.tx.go:226.39,227.19 1 0
github.com/KiraCore/interx/gateway/interx/interx.tx.go:230.4,230.44 1 0
github.com/KiraCore/interx/gateway/interx/interx.tx.go:234.4,234.37 1 0
github.com/KiraCore/interx/gateway/interx/interx.tx.go:227.19,229.5 1 0
github.com/KiraCore/interx/gateway/interx/interx.tx.go:230.44,232.5 1 0
github.com/KiraCore/interx/gateway/interx/interx.tx.go:234.37,235.10 1 0
github.com/KiraCore/interx/gateway/interx/interx.tx.go:239.54,241.18 2 0
github.com/KiraCore/interx/gateway/interx/interx.tx.go:246.4,246.60 1 0
github.com/KiraCore/interx/gateway/interx/interx.tx.go:241.18,244.5 2 0
github.com/KiraCore/interx/gateway/interx/interx.tx.go:252.43,254.17 2 1
github.com/KiraCore/interx/gateway/interx/interx.tx.go:259.3,260.17 2 1
github.com/KiraCore/interx/gateway/interx/interx.tx.go:265.3,266.17 2 1
github.com/KiraCore/interx/gateway/interx/interx.tx.go:271.3,273.40 2 1
github.com/KiraCore/interx/gateway/interx/interx.tx.go:463.3,463.28 1 1
github.com/KiraCore/interx/gateway/interx/interx.tx.go:501.3,504.4 1 1
github.com/KiraCore/interx/gateway/interx/interx.tx.go:254.17,257.4 2 0
github.com/KiraCore/interx/gateway/interx/interx.tx.go:260.17,263.4 2 0
github.com/KiraCore/interx/gateway/interx/interx.tx.go:266.17,269.4 2 0
github.com/KiraCore/interx/gateway/interx/interx.tx.go:273.40,277.50 3 1
github.com/KiraCore/interx/gateway/interx/interx.tx.go:281.4,281.24 1 1
github.com/KiraCore/interx/gateway/interx/interx.tx.go:277.50,279.5 1 1
github.com/KiraCore/interx/gateway/interx/interx.tx.go:281.24,284.53 2 1
github.com/KiraCore/interx/gateway/interx/interx.tx.go:294.5,294.52 1 1
github.com/KiraCore/interx/gateway/interx/interx.tx.go:284.53,285.42 1 0
github.com/KiraCore/interx/gateway/interx/interx.tx.go:285.42,292.7 1 0
github.com/KiraCore/interx/gateway/interx/interx.tx.go:294.52,295.42 1 0
github.com/KiraCore/interx/gateway/interx/interx.tx.go:295.42,302.7 1 0
github.com/KiraCore/interx/gateway/interx/interx.tx.go:304.10,304.36 1 0
github.com/KiraCore/interx/gateway/interx/interx.tx.go:304.36,308.19 4 0
github.com/KiraCore/interx/gateway/interx/interx.tx.go:308.19,309.35 1 0
github.com/KiraCore/interx/gateway/interx/interx.tx.go:309.35,310.35 1 0
github.com/KiraCore/interx/gateway/interx/interx.tx.go:310.35,311.28 1 0
github.com/KiraCore/interx/gateway/interx/interx.tx.go:311.28,312.40 1 0
github.com/KiraCore/interx/gateway/interx/interx.tx.go:312.40,313.44 1 0
github.com/KiraCore/interx/gateway/interx/interx.tx.go:313.44,320.11 1 0
github.com/KiraCore/interx/gateway/interx/interx.tx.go:322.14,322.36 1 0
github.com/KiraCore/interx/gateway/interx/interx.tx.go:322.36,323.42 1 0
github.com/KiraCore/interx/gateway/interx/interx.tx.go:323.42,330.10 1 0
github.com/KiraCore/interx/gateway/interx/interx.tx.go:334.11,335.37 1 0
github.com/KiraCore/interx/gateway/interx/interx.tx.go:335.37,336.36 1 0
github.com/KiraCore/interx/gateway/interx/interx.tx.go:336.36,337.28 1 0
github.com/KiraCore/interx/gateway/interx/interx.tx.go:337.28,338.43 1 0
github.com/KiraCore/interx/gateway/interx/interx.tx.go:338.43,345.10 1 0
github.com/KiraCore/interx/gateway/interx/interx.tx.go:346.14,346.36 1 0
github.com/KiraCore/interx/gateway/interx/interx.tx.go:346.36,347.38 1 0
github.com/KiraCore/interx/gateway/interx/interx.tx.go:347.38,348.43 1 0
github.com/KiraCore/interx/gateway/interx/interx.tx.go:348.43,355.11 1 0
github.com/KiraCore/interx/gateway/interx/interx.tx.go:361.10,361.43 1 0
github.com/KiraCore/interx/gateway/interx/interx.tx.go:361.43,364.69 2 0
github.com/KiraCore/interx/gateway/interx/interx.tx.go:364.69,371.6 1 0
github.com/KiraCore/interx/gateway/interx/interx.tx.go:371.11,371.77 1 0
github.com/KiraCore/interx/gateway/interx/interx.tx.go:371.77,378.6 1 0
github.com/KiraCore/interx/gateway/interx/interx.tx.go:379.10,379.35 1 0
github.com/KiraCore/interx/gateway/interx/interx.tx.go:379.35,382.62 2 0
github.com/KiraCore/interx/gateway/interx/interx.tx.go:382.62,389.6 1 0
github.com/KiraCore/interx/gateway/interx/interx.tx.go:389.11,389.70 1 0
github.com/KiraCore/interx/gateway/interx/interx.tx.go:389.70,396.6 1 0
github.com/KiraCore/interx/gateway/interx/interx.tx.go:397.10,397.43 1 0
github.com/KiraCore/interx/gateway/interx/interx.tx.go:397.43,400.67 2 0
github.com/KiraCore/interx/gateway/interx/interx.tx.go:400.67,407.6 1 0
github.com/KiraCore/interx/gateway/interx/interx.tx.go:407.11,407.75 1 0
github.com/KiraCore/interx/gateway/interx/interx.tx.go:407.75,414.6 1 0
github.com/KiraCore/interx/gateway/interx/interx.tx.go:415.10,415.42 1 0
github.com/KiraCore/interx/gateway/interx/interx.tx.go:415.42,418.64 2 0
github.com/KiraCore/interx/gateway/interx/interx.tx.go:418.64,425.6 1 0
github.com/KiraCore/interx/gateway/interx/interx.tx.go:425.11,425.72 1 0
github.com/KiraCore/interx/gateway/interx/interx.tx.go:425.72,432.6 1 0
github.com/KiraCore/interx/gateway/interx/interx.tx.go:433.10,433.52 1 0
github.com/KiraCore/interx/gateway/interx/interx.tx.go:433.52,435.68 2 0
github.com/KiraCore/interx/gateway/interx/interx.tx.go:443.5,445.77 2 0
github.com/KiraCore/interx/gateway/interx/interx.tx.go:435.68,436.35 1 0
github.com/KiraCore/interx/gateway/interx/interx.tx.go:436.35,438.7 1 0
github.com/KiraCore/interx/gateway/interx/interx.tx.go:438.12,438.42 1 0
github.com/KiraCore/interx/gateway/interx/interx.tx.go:438.42,440.7 1 0
github.com/KiraCore/interx/gateway/interx/interx.tx.go:445.77,452.6 1 0
github.com/KiraCore/interx/gateway/interx/interx.tx.go:452.11,452.85 1 0
github.com/KiraCore/interx/gateway/interx/interx.tx.go:452.85,459.6 1 0
github.com/KiraCore/interx/gateway/interx/interx.tx.go:463.28,464.59 1 1
github.com/KiraCore/interx/gateway/interx/interx.tx.go:464.59,465.38 1 1
github.com/KiraCore/interx/gateway/interx/interx.tx.go:465.38,474.43 3 1
github.com/KiraCore/interx/gateway/interx/interx.tx.go:496.6,496.43 1 1
github.com/KiraCore/interx/gateway/interx/interx.tx.go:474.43,477.26 3 1
github.com/KiraCore/interx/gateway/interx/interx.tx.go:477.26,478.22 1 1
github.com/KiraCore/interx/gateway/interx/interx.tx.go:478.22,480.9 1 1
github.com/KiraCore/interx/gateway/interx/interx.tx.go:481.13,481.36 1 1
github.com/KiraCore/interx/gateway/interx/interx.tx.go:481.36,482.23 1 1
github.com/KiraCore/interx/gateway/interx/interx.tx.go:482.23,484.9 1 0
github.com/KiraCore/interx/gateway/interx/interx.tx.go:485.13,485.33 1 1
github.com/KiraCore/interx/gateway/interx/interx.tx.go:485.33,488.22 2 1
github.com/KiraCore/interx/gateway/interx/interx.tx.go:488.22,491.9 2 1
github.com/KiraCore/interx/gateway/interx/interx.tx.go:520.54,521.54 1 0
github.com/KiraCore/interx/gateway/interx/interx.tx.go:521.54,528.63 5 0
github.com/KiraCore/interx/gateway/interx/interx.tx.go:545.3,545.118 1 0
github.com/KiraCore/interx/gateway/interx/interx.tx.go:528.63,530.4 1 0
github.com/KiraCore/interx/gateway/interx/interx.tx.go:530.9,531.70 1 0
github.com/KiraCore/interx/gateway/interx/interx.tx.go:542.4,542.99 1 0
github.com/KiraCore/interx/gateway/interx/interx.tx.go:531.70,533.14 2 0
github.com/KiraCore/interx/gateway/interx/interx.tx.go:533.14,539.6 4 0
github.com/KiraCore/interx/gateway/interx/interx.tx.go:550.53,551.54 1 0
github.com/KiraCore/interx/gateway/interx/interx.tx.go:551.54,558.62 5 0
github.com/KiraCore/interx/gateway/interx/interx.tx.go:575.3,575.118 1 0
github.com/KiraCore/interx/gateway/interx/interx.tx.go:558.62,560.4 1 0
github.com/KiraCore/interx/gateway/interx/interx.tx.go:560.9,561.69 1 0
github.com/KiraCore/interx/gateway/interx/interx.tx.go:572.4,572.100 1 0
github.com/KiraCore/interx/gateway/interx/interx.tx.go:561.69,563.14 2 0
github.com/KiraCore/interx/gateway/interx/interx.tx.go:563.14,569.6 4 0
github.com/KiraCore/interx/gateway/interx/interx.tx.go:579.93,585.16 5 1
github.com/KiraCore/interx/gateway/interx/interx.tx.go:589.2,595.59 4 1
github.com/KiraCore/interx/gateway/interx/interx.tx.go:600.2,600.27 1 1
github.com/KiraCore/interx/gateway/interx/interx.tx.go:605.2,606.66 2 1
github.com/KiraCore/interx/gateway/interx/interx.tx.go:611.2,611.20 1 1
github.com/KiraCore/interx/gateway/interx/interx.tx.go:585.16,588.3 2 0
github.com/KiraCore/interx/gateway/interx/interx.tx.go:595.59,598.3 2 0
github.com/KiraCore/interx/gateway/interx/interx.tx.go:600.27,603.3 2 0
github.com/KiraCore/interx/gateway/interx/interx.tx.go:606.66,609.3 2 0
github.com/KiraCore/interx/gateway/interx/interx.tx.go:614.107,617.16 3 1
github.com/KiraCore/interx/gateway/interx/interx.tx.go:622.2,634.32 6 1
github.com/KiraCore/interx/gateway/interx/interx.tx.go:667.2,667.37 1 1
github.com/KiraCore/interx/gateway/interx/interx.tx.go:617.16,620.3 2 0
github.com/KiraCore/interx/gateway/interx/interx.tx.go:634.32,636.17 2 0
github.com/KiraCore/interx/gateway/interx/interx.tx.go:641.3,642.10 2 0
github.com/KiraCore/interx/gateway/interx/interx.tx.go:647.3,651.42 3 0
github.com/KiraCore/interx/gateway/interx/interx.tx.go:658.3,664.5 1 0
github.com/KiraCore/interx/gateway/interx/interx.tx.go:636.17,639.4 2 0
github.com/KiraCore/interx/gateway/interx/interx.tx.go:642.10,645.4 2 0
github.com/KiraCore/interx/gateway/interx/interx.tx.go:651.42,656.4 1 0
github.com/KiraCore/interx/gateway/interx/interx.tx.go:671.59,672.54 1 0
github.com/KiraCore/interx/gateway/interx/interx.tx.go:672.54,679.68 5 0
github.com/KiraCore/interx/gateway/interx/interx.tx.go:685.3,685.64 1 0
github.com/KiraCore/interx/gateway/interx/interx.tx.go:679.68,681.4 1 0
github.com/KiraCore/interx/gateway/interx/interx.tx.go:681.9,683.4 1 0
github.com/KiraCore/interx/gateway/interx/nodelist.go:20.96,30.2 8 0
github.com/KiraCore/interx/gateway/interx/nodelist.go:32.91,42.15 8 1
github.com/KiraCore/interx/gateway/interx/nodelist.go:53.2,53.22 1 1
github.com/KiraCore/interx/gateway/interx/nodelist.go:68.2,69.41 2 1
github.com/KiraCore/interx/gateway/interx/nodelist.go:82.2,86.13 3 1
github.com/KiraCore/interx/gateway/interx/nodelist.go:105.2,105.16 1 1
github.com/KiraCore/interx/gateway/interx/nodelist.go:125.2,125.37 1 0
github.com/KiraCore/interx/gateway/interx/nodelist.go:42.15,45.26 3 1
github.com/KiraCore/interx/gateway/interx/nodelist.go:48.3,48.27 1 1
github.com/KiraCore/interx/gateway/interx/nodelist.go:45.26,47.4 1 1
github.com/KiraCore/interx/gateway/interx/nodelist.go:49.8,51.3 1 0
github.com/KiraCore/interx/gateway/interx/nodelist.go:53.22,55.46 2 1
github.com/KiraCore/interx/gateway/interx/nodelist.go:59.3,59.38 1 1
github.com/KiraCore/interx/gateway/interx/nodelist.go:55.46,57.4 1 1
github.com/KiraCore/interx/gateway/interx/nodelist.go:59.38,60.53 1 1
github.com/KiraCore/interx/gateway/interx/nodelist.go:60.53,61.77 1 1
github.com/KiraCore/interx/gateway/interx/nodelist.go:61.77,63.6 1 0
github.com/KiraCore/interx/gateway/interx/nodelist.go:69.41,72.74 1 1
github.com/KiraCore/interx/gateway/interx/nodelist.go:72.74,75.92 2 1
github.com/KiraCore/interx/gateway/interx/nodelist.go:75.92,76.53 1 1
github.com/KiraCore/interx/gateway/interx/nodelist.go:76.53,78.6 1 1
github.com/KiraCore/interx/gateway/interx/nodelist.go:86.13,88.42 2 1
github.com/KiraCore/interx/gateway/interx/nodelist.go:102.3,102.53 1 1
github.com/KiraCore/interx/gateway/interx/nodelist.go:88.42,89.42 1 1
github.com/KiraCore/interx/gateway/interx/nodelist.go:89.42,90.23 1 1
github.com/KiraCore/interx/gateway/interx/nodelist.go:90.23,92.6 1 1
github.com/KiraCore/interx/gateway/interx/nodelist.go:93.10,93.50 1 0
github.com/KiraCore/interx/gateway/interx/nodelist.go:93.50,94.24 1 0
github.com/KiraCore/interx/gateway/interx/nodelist.go:94.24,96.6 1 0
github.com/KiraCore/interx/gateway/interx/nodelist.go:97.10,99.5 1 0
github.com/KiraCore/interx/gateway/interx/nodelist.go:105.16,107.42 2 1
github.com/KiraCore/interx/gateway/interx/nodelist.go:122.3,122.55 1 1
github.com/KiraCore/interx/gateway/interx/nodelist.go:107.42,109.42 2 1
github.com/KiraCore/interx/gateway/interx/nodelist.go:109.42,110.23 1 1
github.com/KiraCore/interx/gateway/interx/nodelist.go:110.23,112.6 1 1
github.com/KiraCore/interx/gateway/interx/nodelist.go:113.10,113.50 1 0
github.com/KiraCore/interx/gateway/interx/nodelist.go:113.50,114.24 1 0
github.com/KiraCore/interx/gateway/interx/nodelist.go:114.24,116.6 1 0
github.com/KiraCore/interx/gateway/interx/nodelist.go:117.10,119.5 1 0
github.com/KiraCore/interx/gateway/interx/nodelist.go:129.90,130.54 1 0
github.com/KiraCore/interx/gateway/interx/nodelist.go:130.54,137.64 5 0
github.com/KiraCore/interx/gateway/interx/nodelist.go:154.3,154.118 1 0
github.com/KiraCore/interx/gateway/interx/nodelist.go:137.64,139.4 1 0
github.com/KiraCore/interx/gateway/interx/nodelist.go:139.9,140.71 1 0
github.com/KiraCore/interx/gateway/interx/nodelist.go:151.4,151.83 1 0
github.com/KiraCore/interx/gateway/interx/nodelist.go:140.71,142.14 2 0
github.com/KiraCore/interx/gateway/interx/nodelist.go:142.14,148.6 4 0
github.com/KiraCore/interx/gateway/interx/nodelist.go:158.92,168.15 8 1
github.com/KiraCore/interx/gateway/interx/nodelist.go:179.2,179.22 1 1
github.com/KiraCore/interx/gateway/interx/nodelist.go:194.2,195.41 2 1
github.com/KiraCore/interx/gateway/interx/nodelist.go:208.2,212.13 3 1
github.com/KiraCore/interx/gateway/interx/nodelist.go:231.2,231.16 1 1
github.com/KiraCore/interx/gateway/interx/nodelist.go:251.2,251.37 1 0
github.com/KiraCore/interx/gateway/interx/nodelist.go:168.15,171.26 3 1
github.com/KiraCore/interx/gateway/interx/nodelist.go:174.3,174.27 1 1
github.com/KiraCore/interx/gateway/interx/nodelist.go:171.26,173.4 1 1
github.com/KiraCore/interx/gateway/interx/nodelist.go:175.8,177.3 1 0
github.com/KiraCore/interx/gateway/interx/nodelist.go:179.22,181.46 2 1
github.com/KiraCore/interx/gateway/interx/nodelist.go:185.3,185.38 1 1
github.com/KiraCore/interx/gateway/interx/nodelist.go:181.46,183.4 1 1
github.com/KiraCore/interx/gateway/interx/nodelist.go:185.38,186.53 1 1
github.com/KiraCore/interx/gateway/interx/nodelist.go:186.53,187.77 1 1
github.com/KiraCore/interx/gateway/interx/nodelist.go:187.77,189.6 1 0
github.com/KiraCore/interx/gateway/interx/nodelist.go:195.41,198.74 1 1
github.com/KiraCore/interx/gateway/interx/nodelist.go:198.74,201.92 2 1
github.com/KiraCore/interx/gateway/interx/nodelist.go:201.92,202.53 1 1
github.com/KiraCore/interx/gateway/interx/nodelist.go:202.53,204.6 1 1
github.com/KiraCore/interx/gateway/interx/nodelist.go:212.13,214.42 2 1
github.com/KiraCore/interx/gateway/interx/nodelist.go:228.3,228.53 1 1
github.com/KiraCore/interx/gateway/interx/nodelist.go:214.42,215.42 1 1
github.com/KiraCore/interx/gateway/interx/nodelist.go:215.42,216.23 1 1
github.com/KiraCore/interx/gateway/interx/nodelist.go:216.23,218.6 1 1
github.com/KiraCore/interx/gateway/interx/nodelist.go:219.10,219.50 1 0
github.com/KiraCore/interx/gateway/interx/nodelist.go:219.50,220.24 1 0
github.com/KiraCore/interx/gateway/interx/nodelist.go:220.24,222.6 1 0
github.com/KiraCore/interx/gateway/interx/nodelist.go:223.10,225.5 1 0
github.com/KiraCore/interx/gateway/interx/nodelist.go:231.16,233.42 2 1
github.com/KiraCore/interx/gateway/interx/nodelist.go:248.3,248.55 1 1
github.com/KiraCore/interx/gateway/interx/nodelist.go:233.42,235.42 2 1
github.com/KiraCore/interx/gateway/interx/nodelist.go:235.42,236.23 1 1
github.com/KiraCore/interx/gateway/interx/nodelist.go:236.23,238.6 1 1
github.com/KiraCore/interx/gateway/interx/nodelist.go:239.10,239.50 1 0
github.com/KiraCore/interx/gateway/interx/nodelist.go:239.50,240.24 1 0
github.com/KiraCore/interx/gateway/interx/nodelist.go:240.24,242.6 1 0
github.com/KiraCore/interx/gateway/interx/nodelist.go:243.10,245.5 1 0
github.com/KiraCore/interx/gateway/interx/nodelist.go:255.91,256.54 1 0
github.com/KiraCore/interx/gateway/interx/nodelist.go:256.54,263.65 5 0
github.com/KiraCore/interx/gateway/interx/nodelist.go:280.3,280.118 1 0
github.com/KiraCore/interx/gateway/interx/nodelist.go:263.65,265.4 1 0
github.com/KiraCore/interx/gateway/interx/nodelist.go:265.9,266.72 1 0
github.com/KiraCore/interx/gateway/interx/nodelist.go:277.4,277.84 1 0
github.com/KiraCore/interx/gateway/interx/nodelist.go:266.72,268.14 2 0
github.com/KiraCore/interx/gateway/interx/nodelist.go:268.14,274.6 4 0
github.com/KiraCore/interx/gateway/interx/nodelist.go:284.87,292.15 6 1
github.com/KiraCore/interx/gateway/interx/nodelist.go:303.2,304.41 2 1
github.com/KiraCore/interx/gateway/interx/nodelist.go:317.2,320.13 3 1
github.com/KiraCore/interx/gateway/interx/nodelist.go:329.2,329.37 1 0
github.com/KiraCore/interx/gateway/interx/nodelist.go:292.15,295.26 3 1
github.com/KiraCore/interx/gateway/interx/nodelist.go:298.3,298.27 1 1
github.com/KiraCore/interx/gateway/interx/nodelist.go:295.26,297.4 1 1
github.com/KiraCore/interx/gateway/interx/nodelist.go:299.8,301.3 1 0
github.com/KiraCore/interx/gateway/interx/nodelist.go:304.41,307.74 1 1
github.com/KiraCore/interx/gateway/interx/nodelist.go:307.74,310.92 2 1
github.com/KiraCore/interx/gateway/interx/nodelist.go:310.92,311.53 1 1
github.com/KiraCore/interx/gateway/interx/nodelist.go:311.53,313.6 1 1
github.com/KiraCore/interx/gateway/interx/nodelist.go:320.13,322.42 2 1
github.com/KiraCore/interx/gateway/interx/nodelist.go:326.3,326.53 1 1
github.com/KiraCore/interx/gateway/interx/nodelist.go:322.42,324.4 1 1
github.com/KiraCore/interx/gateway/interx/nodelist.go:333.86,334.54 1 0
github.com/KiraCore/interx/gateway/interx/nodelist.go:334.54,341.64 5 0
github.com/KiraCore/interx/gateway/interx/nodelist.go:358.3,358.118 1 0
github.com/KiraCore/interx/gateway/interx/nodelist.go:341.64,343.4 1 0
github.com/KiraCore/interx/gateway/interx/nodelist.go:343.9,344.71 1 0
github.com/KiraCore/interx/gateway/interx/nodelist.go:355.4,355.79 1 0
github.com/KiraCore/interx/gateway/interx/nodelist.go:344.71,346.14 2 0
github.com/KiraCore/interx/gateway/interx/nodelist.go:346.14,352.6 4 0
github.com/KiraCore/interx/gateway/interx/nodelist.go:362.85,370.15 6 1
github.com/KiraCore/interx/gateway/interx/nodelist.go:381.2,382.41 2 1
github.com/KiraCore/interx/gateway/interx/nodelist.go:395.2,398.13 3 1
github.com/KiraCore/interx/gateway/interx/nodelist.go:407.2,407.37 1 0
github.com/KiraCore/interx/gateway/interx/nodelist.go:370.15,373.26 3 1
github.com/KiraCore/interx/gateway/interx/nodelist.go:376.3,376.27 1 1
github.com/KiraCore/interx/gateway/interx/nodelist.go:373.26,375.4 1 1
github.com/KiraCore/interx/gateway/interx/nodelist.go:377.8,379.3 1 0
github.com/KiraCore/interx/gateway/interx/nodelist.go:382.41,383.38 1 1
github.com/KiraCore/interx/gateway/interx/nodelist.go:383.38,384.19 1 0
github.com/KiraCore/interx/gateway/interx/nodelist.go:384.19,386.5 1 0
github.com/KiraCore/interx/gateway/interx/nodelist.go:387.9,387.46 1 1
github.com/KiraCore/interx/gateway/interx/nodelist.go:387.46,388.20 1 0
github.com/KiraCore/interx/gateway/interx/nodelist.go:388.20,390.5 1 0
github.com/KiraCore/interx/gateway/interx/nodelist.go:391.9,393.4 1 1
github.com/KiraCore/interx/gateway/interx/nodelist.go:398.13,400.42 2 1
github.com/KiraCore/interx/gateway/interx/nodelist.go:404.3,404.53 1 1
github.com/KiraCore/interx/gateway/interx/nodelist.go:400.42,402.4 1 1
github.com/KiraCore/interx/gateway/interx/nodelist.go:411.84,412.54 1 0
github.com/KiraCore/interx/gateway/interx/nodelist.go:412.54,419.62 5 0
github.com/KiraCore/interx/gateway/interx/nodelist.go:436.3,436.118 1 0
github.com/KiraCore/interx/gateway/interx/nodelist.go:419.62,421.4 1 0
github.com/KiraCore/interx/gateway/interx/nodelist.go:421.9,422.69 1 0
github.com/KiraCore/interx/gateway/interx/nodelist.go:433.4,433.77 1 0
github.com/KiraCore/interx/gateway/interx/nodelist.go:422.69,424.14 2 0
github.com/KiraCore/interx/gateway/interx/nodelist.go:424.14,430.6 4 0
github.com/KiraCore/interx/gateway/interx/snapshot.go:16.96,22.2 4 0
github.com/KiraCore/interx/gateway/interx/snapshot.go:24.65,25.38 1 1
github.com/KiraCore/interx/gateway/interx/snapshot.go:29.2,32.8 1 1
github.com/KiraCore/interx/gateway/interx/snapshot.go:25.38,27.3 1 0
github.com/KiraCore/interx/gateway/interx/snapshot.go:36.53,37.54 1 0
github.com/KiraCore/interx/gateway/interx/snapshot.go:37.54,39.3 1 0
github.com/KiraCore/interx/gateway/interx/snapshot.go:42.79,44.16 2 1
github.com/KiraCore/interx/gateway/interx/snapshot.go:48.2,48.33 1 1
github.com/KiraCore/interx/gateway/interx/snapshot.go:44.16,46.3 1 0
github.com/KiraCore/interx/gateway/interx/snapshot.go:52.57,53.54 1 0
github.com/KiraCore/interx/gateway/interx/snapshot.go:53.54,61.3 5 0
github.com/KiraCore/interx/gateway/interx/download.go:14.97,18.2 2 0
github.com/KiraCore/interx/gateway/interx/download.go:21.43,22.54 1 0
github.com/KiraCore/interx/gateway/interx/download.go:22.54,27.25 3 0
github.com/KiraCore/interx/gateway/interx/download.go:27.25,29.4 1 0
github.com/KiraCore/interx/gateway/interx/main.go:9.89,19.2 9 0
github.com/KiraCore/interx/gateway/interx/query.go:20.94,32.2 10 0
github.com/KiraCore/interx/gateway/interx/query.go:35.55,36.54 1 0
github.com/KiraCore/interx/gateway/interx/query.go:36.54,44.3 5 0
github.com/KiraCore/interx/gateway/interx/query.go:47.81,51.2 2 0
github.com/KiraCore/interx/gateway/interx/query.go:54.60,55.54 1 0
github.com/KiraCore/interx/gateway/interx/query.go:55.54,63.3 5 0
github.com/KiraCore/interx/gateway/interx/query.go:66.72,72.16 3 1
github.com/KiraCore/interx/gateway/interx/query.go:77.2,78.16 2 1
github.com/KiraCore/interx/gateway/interx/query.go:83.2,87.16 3 1
github.com/KiraCore/interx/gateway/interx/query.go:93.2,95.25 2 1
github.com/KiraCore/interx/gateway/interx/query.go:106.2,117.35 9 1
github.com/KiraCore/interx/gateway/interx/query.go:72.16,75.3 2 0
github.com/KiraCore/interx/gateway/interx/query.go:78.16,81.3 2 0
github.com/KiraCore/interx/gateway/interx/query.go:87.16,90.3 2 0
github.com/KiraCore/interx/gateway/interx/query.go:95.25,104.3 6 1
github.com/KiraCore/interx/gateway/interx/query.go:121.58,122.54 1 0
github.com/KiraCore/interx/gateway/interx/query.go:122.54,129.60 5 0
github.com/KiraCore/interx/gateway/interx/query.go:146.3,146.118 1 0
github.com/KiraCore/interx/gateway/interx/query.go:129.60,131.4 1 0
github.com/KiraCore/interx/gateway/interx/query.go:131.9,132.67 1 0
github.com/KiraCore/interx/gateway/interx/query.go:143.4,143.78 1 0
github.com/KiraCore/interx/gateway/interx/query.go:132.67,134.14 2 0
github.com/KiraCore/interx/gateway/interx/query.go:134.14,140.6 4 0
github.com/KiraCore/interx/gateway/interx/query.go:150.75,152.2 1 1
github.com/KiraCore/interx/gateway/interx/query.go:155.53,156.54 1 0
github.com/KiraCore/interx/gateway/interx/query.go:156.54,164.3 5 0
github.com/KiraCore/interx/gateway/interx/query.go:167.74,169.16 2 1
github.com/KiraCore/interx/gateway/interx/query.go:173.2,173.36 1 1
github.com/KiraCore/interx/gateway/interx/query.go:169.16,171.3 1 0
github.com/KiraCore/interx/gateway/interx/query.go:177.52,178.54 1 0
github.com/KiraCore/interx/gateway/interx/query.go:178.54,186.3 5 0
github.com/KiraCore/interx/gateway/interx/query.go:189.124,224.20 3 1
github.com/KiraCore/interx/gateway/interx/query.go:227.2,233.59 3 1
github.com/KiraCore/interx/gateway/interx/query.go:241.2,253.20 7 1
github.com/KiraCore/interx/gateway/interx/query.go:256.2,266.16 4 1
github.com/KiraCore/interx/gateway/interx/query.go:269.2,287.32 11 1
github.com/KiraCore/interx/gateway/interx/query.go:224.20,226.3 1 0
github.com/KiraCore/interx/gateway/interx/query.go:233.59,234.46 1 0
github.com/KiraCore/interx/gateway/interx/query.go:234.46,237.4 2 0
github.com/KiraCore/interx/gateway/interx/query.go:253.20,255.3 1 0
github.com/KiraCore/interx/gateway/interx/query.go:266.16,268.3 1 0
github.com/KiraCore/interx/gateway/interx/query.go:291.85,292.54 1 0
github.com/KiraCore/interx/gateway/interx/query.go:292.54,300.3 5 0
github.com/KiraCore/interx/gateway/interx/validators.go:23.98,33.2 8 0
github.com/KiraCore/interx/gateway/interx/validators.go:48.124,62.39 13 1
github.com/KiraCore/interx/gateway/interx/validators.go:67.2,67.55 1 1
github.com/KiraCore/interx/gateway/interx/validators.go:71.2,79.53 3 1
github.com/KiraCore/interx/gateway/interx/validators.go:83.2,85.22 3 1
github.com/KiraCore/interx/gateway/interx/validators.go:88.2,88.21 1 1
github.com/KiraCore/interx/gateway/interx/validators.go:92.2,92.43 1 1
github.com/KiraCore/interx/gateway/interx/validators.go:118.2,118.37 1 1
github.com/KiraCore/interx/gateway/interx/validators.go:62.39,65.3 1 0
github.com/KiraCore/interx/gateway/interx/validators.go:67.55,69.3 1 0
github.com/KiraCore/interx/gateway/interx/validators.go:79.53,81.3 1 0
github.com/KiraCore/interx/gateway/interx/validators.go:85.22,87.3 1 0
github.com/KiraCore/interx/gateway/interx/validators.go:88.21,90.3 1 0
github.com/KiraCore/interx/gateway/interx/validators.go:92.43,93.42 1 1
github.com/KiraCore/interx/gateway/interx/validators.go:96.3,96.59 1 1
github.com/KiraCore/interx/gateway/interx/validators.go:99.3,99.56 1 1
github.com/KiraCore/interx/gateway/interx/validators.go:102.3,102.56 1 1
github.com/KiraCore/interx/gateway/interx/validators.go:105.3,105.62 1 1
github.com/KiraCore/interx/gateway/interx/validators.go:108.3,108.59 1 1
github.com/KiraCore/interx/gateway/interx/validators.go:111.3,111.56 1 1
github.com/KiraCore/interx/gateway/interx/validators.go:115.3,115.63 1 1
github.com/KiraCore/interx/gateway/interx/validators.go:93.42,94.12 1 0
github.com/KiraCore/interx/gateway/interx/validators.go:96.59,97.12 1 0
github.com/KiraCore/interx/gateway/interx/validators.go:99.56,100.12 1 0
github.com/KiraCore/interx/gateway/interx/validators.go:102.56,103.12 1 0
github.com/KiraCore/interx/gateway/interx/validators.go:105.62,106.12 1 0
github.com/KiraCore/interx/gateway/interx/validators.go:108.59,109.12 1 0
github.com/KiraCore/interx/gateway/interx/validators.go:111.56,112.12 1 0
github.com/KiraCore/interx/gateway/interx/validators.go:122.86,123.54 1 0
github.com/KiraCore/interx/gateway/interx/validators.go:123.54,128.64 4 0
github.com/KiraCore/interx/gateway/interx/validators.go:145.3,145.63 1 0
github.com/KiraCore/interx/gateway/interx/validators.go:128.64,130.4 1 0
github.com/KiraCore/interx/gateway/interx/validators.go:130.9,131.71 1 0
github.com/KiraCore/interx/gateway/interx/validators.go:142.4,142.98 1 0
github.com/KiraCore/interx/gateway/interx/validators.go:131.71,133.14 2 0
github.com/KiraCore/interx/gateway/interx/validators.go:133.14,139.6 4 0
github.com/KiraCore/interx/gateway/interx/validators.go:149.112,158.19 8 1
github.com/KiraCore/interx/gateway/interx/validators.go:161.2,161.22 1 1
github.com/KiraCore/interx/gateway/interx/validators.go:164.2,164.21 1 1
github.com/KiraCore/interx/gateway/interx/validators.go:167.2,167.26 1 1
github.com/KiraCore/interx/gateway/interx/validators.go:170.2,170.19 1 1
github.com/KiraCore/interx/gateway/interx/validators.go:174.2,178.41 3 1
github.com/KiraCore/interx/gateway/interx/validators.go:158.19,160.3 1 0
github.com/KiraCore/interx/gateway/interx/validators.go:161.22,163.3 1 0
github.com/KiraCore/interx/gateway/interx/validators.go:164.21,166.3 1 0
github.com/KiraCore/interx/gateway/interx/validators.go:167.26,169.3 1 0
github.com/KiraCore/interx/gateway/interx/validators.go:170.19,172.3 1 0
github.com/KiraCore/interx/gateway/interx/validators.go:182.90,183.54 1 0
github.com/KiraCore/interx/gateway/interx/validators.go:183.54,188.68 4 0
github.com/KiraCore/interx/gateway/interx/validators.go:205.3,205.63 1 0
github.com/KiraCore/interx/gateway/interx/validators.go:188.68,190.4 1 0
github.com/KiraCore/interx/gateway/interx/validators.go:190.9,191.75 1 0
github.com/KiraCore/interx/gateway/interx/validators.go:202.4,202.93 1 0
github.com/KiraCore/interx/gateway/interx/validators.go:191.75,193.14 2 0
github.com/KiraCore/interx/gateway/interx/validators.go:193.14,199.6 4 0
github.com/KiraCore/interx/gateway/interx/validators.go:209.46,211.16 2 0
github.com/KiraCore/interx/gateway/interx/validators.go:215.2,215.39 1 0
github.com/KiraCore/interx/gateway/interx/validators.go:211.16,213.3 1 0
github.com/KiraCore/interx/gateway/interx/validators.go:218.123,224.20 4 1
github.com/KiraCore/interx/gateway/interx/validators.go:250.2,251.20 2 1
github.com/KiraCore/interx/gateway/interx/validators.go:330.2,330.37 1 0
github.com/KiraCore/interx/gateway/interx/validators.go:224.20,233.17 4 1
github.com/KiraCore/interx/gateway/interx/validators.go:238.3,239.17 2 1
github.com/KiraCore/interx/gateway/interx/validators.go:244.3,244.43 1 1
github.com/KiraCore/interx/gateway/interx/validators.go:233.17,236.4 2 0
github.com/KiraCore/interx/gateway/interx/validators.go:239.17,242.4 2 0
github.com/KiraCore/interx/gateway/interx/validators.go:245.8,247.3 1 0
github.com/KiraCore/interx/gateway/interx/validators.go:251.20,255.17 3 1
github.com/KiraCore/interx/gateway/interx/validators.go:260.3,261.17 2 1
github.com/KiraCore/interx/gateway/interx/validators.go:266.3,269.17 3 1
github.com/KiraCore/interx/gateway/interx/validators.go:274.3,284.18 10 1
github.com/KiraCore/interx/gateway/interx/validators.go:288.3,291.43 2 1
github.com/KiraCore/interx/gateway/interx/validators.go:298.3,299.51 2 1
github.com/KiraCore/interx/gateway/interx/validators.go:308.3,312.52 4 1
github.com/KiraCore/interx/gateway/interx/validators.go:324.3,327.39 3 1
github.com/KiraCore/interx/gateway/interx/validators.go:255.17,258.4 2 0
github.com/KiraCore/interx/gateway/interx/validators.go:261.17,264.4 2 0
github.com/KiraCore/interx/gateway/interx/validators.go:269.17,272.4 2 0
github.com/KiraCore/interx/gateway/interx/validators.go:284.18,286.4 1 1
github.com/KiraCore/interx/gateway/interx/validators.go:291.43,292.68 1 0
github.com/KiraCore/interx/gateway/interx/validators.go:292.68,294.10 2 0
github.com/KiraCore/interx/gateway/interx/validators.go:299.51,300.44 1 0
github.com/KiraCore/interx/gateway/interx/validators.go:300.44,301.74 1 0
github.com/KiraCore/interx/gateway/interx/validators.go:301.74,303.11 2 0
github.com/KiraCore/interx/gateway/interx/validators.go:312.52,313.27 1 0
github.com/KiraCore/interx/gateway/interx/validators.go:313.27,314.44 1 0
github.com/KiraCore/interx/gateway/interx/validators.go:314.44,316.6 1 0
github.com/KiraCore/interx/gateway/interx/validators.go:316.11,316.49 1 0
github.com/KiraCore/interx/gateway/interx/validators.go:316.49,318.6 1 0
github.com/KiraCore/interx/gateway/interx/validators.go:318.11,320.6 1 0
github.com/KiraCore/interx/gateway/interx/validators.go:334.85,335.54 1 0
github.com/KiraCore/interx/gateway/interx/validators.go:335.54,340.63 4 0
github.com/KiraCore/interx/gateway/interx/validators.go:357.3,357.63 1 0
github.com/KiraCore/interx/gateway/interx/validators.go:340.63,342.4 1 0
github.com/KiraCore/interx/gateway/interx/validators.go:342.9,343.70 1 0
github.com/KiraCore/interx/gateway/interx/validators.go:354.4,354.97 1 0
github.com/KiraCore/interx/gateway/interx/validators.go:343.70,345.14 2 0
github.com/KiraCore/interx/gateway/interx/validators.go:345.14,351.6 4 0
github.com/KiraCore/interx/gateway/interx/validators.go:361.133,363.2 1 1
github.com/KiraCore/interx/gateway/interx/validators.go:366.94,367.54 1 0
github.com/KiraCore/interx/gateway/interx/validators.go:367.54,372.72 4 0
github.com/KiraCore/interx/gateway/interx/validators.go:389.3,389.63 1 0
github.com/KiraCore/interx/gateway/interx/validators.go:372.72,374.4 1 0
github.com/KiraCore/interx/gateway/interx/validators.go:374.9,375.79 1 0
github.com/KiraCore/interx/gateway/interx/validators.go:386.4,386.107 1 0
github.com/KiraCore/interx/gateway/interx/validators.go:375.79,377.14 2 0
github.com/KiraCore/interx/gateway/interx/validators.go:377.14,383.6 4 0
github.com/KiraCore/interx/gateway/interx/block.go:26.88,36.2 8 0
github.com/KiraCore/interx/gateway/interx/block.go:38.89,46.21 5 1
github.com/KiraCore/interx/gateway/interx/block.go:50.2,50.21 1 1
github.com/KiraCore/interx/gateway/interx/block.go:56.2,56.91 1 1
github.com/KiraCore/interx/gateway/interx/block.go:46.21,48.3 1 0
github.com/KiraCore/interx/gateway/interx/block.go:50.21,52.3 1 0
github.com/KiraCore/interx/gateway/interx/block.go:60.89,61.54 1 0
github.com/KiraCore/interx/gateway/interx/block.go:61.54,68.60 5 0
github.com/KiraCore/interx/gateway/interx/block.go:85.3,85.118 1 0
github.com/KiraCore/interx/gateway/interx/block.go:68.60,70.4 1 0
github.com/KiraCore/interx/gateway/interx/block.go:70.9,71.67 1 0
github.com/KiraCore/interx/gateway/interx/block.go:82.4,82.81 1 0
github.com/KiraCore/interx/gateway/interx/block.go:71.67,73.14 2 0
github.com/KiraCore/interx/gateway/interx/block.go:73.14,79.6 4 0
github.com/KiraCore/interx/gateway/interx/block.go:89.100,92.16 2 1
github.com/KiraCore/interx/gateway/interx/block.go:96.2,96.33 1 1
github.com/KiraCore/interx/gateway/interx/block.go:92.16,94.3 1 0
github.com/KiraCore/interx/gateway/interx/block.go:100.102,101.54 1 0
github.com/KiraCore/interx/gateway/interx/block.go:101.54,110.73 7 0
github.com/KiraCore/interx/gateway/interx/block.go:127.3,127.131 1 0
github.com/KiraCore/interx/gateway/interx/block.go:110.73,112.4 1 0
github.com/KiraCore/interx/gateway/interx/block.go:112.9,113.80 1 0
github.com/KiraCore/interx/gateway/interx/block.go:124.4,124.99 1 0
github.com/KiraCore/interx/gateway/interx/block.go:113.80,115.14 2 0
github.com/KiraCore/interx/gateway/interx/block.go:115.14,121.6 4 0
github.com/KiraCore/interx/gateway/interx/block.go:131.79,135.39 3 1
github.com/KiraCore/interx/gateway/interx/block.go:155.2,155.34 1 1
github.com/KiraCore/interx/gateway/interx/block.go:166.2,166.15 1 1
github.com/KiraCore/interx/gateway/interx/block.go:135.39,139.30 3 1
github.com/KiraCore/interx/gateway/interx/block.go:152.3,152.21 1 1
github.com/KiraCore/interx/gateway/interx/block.go:139.30,141.18 2 0
github.com/KiraCore/interx/gateway/interx/block.go:149.4,149.35 1 0
github.com/KiraCore/interx/gateway/interx/block.go:141.18,147.5 2 0
github.com/KiraCore/interx/gateway/interx/block.go:155.34,157.17 2 1
github.com/KiraCore/interx/gateway/interx/block.go:157.17,163.4 2 1
github.com/KiraCore/interx/gateway/interx/block.go:169.102,173.16 3 1
github.com/KiraCore/interx/gateway/interx/block.go:178.2,180.36 3 1
github.com/KiraCore/interx/gateway/interx/block.go:184.2,186.16 3 1
github.com/KiraCore/interx/gateway/interx/block.go:190.2,195.8 5 1
github.com/KiraCore/interx/gateway/interx/block.go:199.2,200.35 2 1
github.com/KiraCore/interx/gateway/interx/block.go:207.2,211.16 4 1
github.com/KiraCore/interx/gateway/interx/block.go:215.2,215.52 1 1
github.com/KiraCore/interx/gateway/interx/block.go:221.2,221.39 1 1
github.com/KiraCore/interx/gateway/interx/block.go:427.2,427.22 1 1
github.com/KiraCore/interx/gateway/interx/block.go:173.16,176.3 2 0
github.com/KiraCore/interx/gateway/interx/block.go:180.36,182.3 1 0
github.com/KiraCore/interx/gateway/interx/block.go:186.16,189.3 2 0
github.com/KiraCore/interx/gateway/interx/block.go:195.8,197.3 1 1
github.com/KiraCore/interx/gateway/interx/block.go:200.35,205.3 1 1
github.com/KiraCore/interx/gateway/interx/block.go:211.16,213.3 1 0
github.com/KiraCore/interx/gateway/interx/block.go:215.52,216.36 1 1
github.com/KiraCore/interx/gateway/interx/block.go:216.36,218.4 1 1
github.com/KiraCore/interx/gateway/interx/block.go:221.39,227.41 5 1
github.com/KiraCore/interx/gateway/interx/block.go:231.3,231.23 1 1
github.com/KiraCore/interx/gateway/interx/block.go:407.3,407.38 1 1
github.com/KiraCore/interx/gateway/interx/block.go:424.3,424.70 1 1
github.com/KiraCore/interx/gateway/interx/block.go:227.41,229.4 1 1
github.com/KiraCore/interx/gateway/interx/block.go:231.23,235.40 3 1
github.com/KiraCore/interx/gateway/interx/block.go:242.4,247.6 1 1
github.com/KiraCore/interx/gateway/interx/block.go:235.40,240.5 1 1
github.com/KiraCore/interx/gateway/interx/block.go:248.9,248.35 1 0
github.com/KiraCore/interx/gateway/interx/block.go:248.35,252.45 4 0
github.com/KiraCore/interx/gateway/interx/block.go:252.45,257.38 4 0
github.com/KiraCore/interx/gateway/interx/block.go:264.5,269.7 1 0
github.com/KiraCore/interx/gateway/interx/block.go:257.38,262.6 1 0
github.com/KiraCore/interx/gateway/interx/block.go:271.9,271.42 1 0
github.com/KiraCore/interx/gateway/interx/block.go:271.42,285.4 2 0
github.com/KiraCore/interx/gateway/interx/block.go:285.9,285.34 1 0
github.com/KiraCore/interx/gateway/interx/block.go:285.34,299.4 2 0
github.com/KiraCore/interx/gateway/interx/block.go:299.9,299.42 1 0
github.com/KiraCore/interx/gateway/interx/block.go:299.42,313.4 2 0
github.com/KiraCore/interx/gateway/interx/block.go:313.9,313.41 1 0
github.com/KiraCore/interx/gateway/interx/block.go:313.41,327.4 2 0
github.com/KiraCore/interx/gateway/interx/block.go:327.9,327.51 1 0
github.com/KiraCore/interx/gateway/interx/block.go:327.51,329.67 2 0
github.com/KiraCore/interx/gateway/interx/block.go:337.4,349.6 2 0
github.com/KiraCore/interx/gateway/interx/block.go:329.67,330.34 1 0
github.com/KiraCore/interx/gateway/interx/block.go:330.34,332.6 1 0
github.com/KiraCore/interx/gateway/interx/block.go:332.11,332.41 1 0
github.com/KiraCore/interx/gateway/interx/block.go:332.41,334.6 1 0
github.com/KiraCore/interx/gateway/interx/block.go:350.9,352.42 2 0
github.com/KiraCore/interx/gateway/interx/block.go:358.4,361.41 3 0
github.com/KiraCore/interx/gateway/interx/block.go:387.4,387.36 1 0
github.com/KiraCore/interx/gateway/interx/block.go:404.4,404.41 1 0
github.com/KiraCore/interx/gateway/interx/block.go:352.42,353.38 1 0
github.com/KiraCore/interx/gateway/interx/block.go:353.38,355.6 1 0
github.com/KiraCore/interx/gateway/interx/block.go:361.41,365.32 3 0
github.com/KiraCore/interx/gateway/interx/block.go:384.5,384.23 1 0
github.com/KiraCore/interx/gateway/interx/block.go:365.32,367.20 2 0
github.com/KiraCore/interx/gateway/interx/block.go:381.6,381.37 1 0
github.com/KiraCore/interx/gateway/interx/block.go:367.20,379.7 1 0
github.com/KiraCore/interx/gateway/interx/block.go:387.36,389.19 2 0
github.com/KiraCore/interx/gateway/interx/block.go:389.19,401.6 1 0
github.com/KiraCore/interx/gateway/interx/block.go:407.38,408.44 1 1
github.com/KiraCore/interx/gateway/interx/block.go:408.44,410.32 2 1
github.com/KiraCore/interx/gateway/interx/block.go:417.5,417.31 1 1
github.com/KiraCore/interx/gateway/interx/block.go:410.32,411.96 1 1
github.com/KiraCore/interx/gateway/interx/block.go:414.6,414.9 1 0
github.com/KiraCore/interx/gateway/interx/block.go:411.96,412.12 1 1
github.com/KiraCore/interx/gateway/interx/block.go:417.31,419.11 2 1
github.com/KiraCore/interx/gateway/interx/block.go:431.98,434.16 3 1
github.com/KiraCore/interx/gateway/interx/block.go:438.2,443.43 4 1
github.com/KiraCore/interx/gateway/interx/block.go:452.2,452.41 1 1
github.com/KiraCore/interx/gateway/interx/block.go:434.16,436.3 1 0
github.com/KiraCore/interx/gateway/interx/block.go:443.43,445.17 2 1
github.com/KiraCore/interx/gateway/interx/block.go:449.3,449.56 1 1
github.com/KiraCore/interx/gateway/interx/block.go:445.17,447.4 1 0
github.com/KiraCore/interx/gateway/interx/block.go:456.100,457.54 1 0
github.com/KiraCore/interx/gateway/interx/block.go:457.54,466.71 7 0
github.com/KiraCore/interx/gateway/interx/block.go:483.3,483.129 1 0
github.com/KiraCore/interx/gateway/interx/block.go:466.71,468.4 1 0
github.com/KiraCore/interx/gateway/interx/block.go:468.9,469.78 1 0
github.com/KiraCore/interx/gateway/interx/block.go:480.4,480.97 1 0
github.com/KiraCore/interx/gateway/interx/block.go:469.78,471.14 2 0
github.com/KiraCore/interx/gateway/interx/block.go:471.14,477.6 4 0
github.com/KiraCore/interx/gateway/interx/block.go:488.98,489.37 1 0
github.com/KiraCore/interx/gateway/interx/block.go:493.2,494.16 2 0
github.com/KiraCore/interx/gateway/interx/block.go:498.2,500.43 2 0
github.com/KiraCore/interx/gateway/interx/block.go:507.2,507.37 1 0
github.com/KiraCore/interx/gateway/interx/block.go:489.37,491.3 1 0
github.com/KiraCore/interx/gateway/interx/block.go:494.16,496.3 1 0
github.com/KiraCore/interx/gateway/interx/block.go:500.43,502.17 2 0
github.com/KiraCore/interx/gateway/interx/block.go:502.17,504.4 1 0
github.com/KiraCore/interx/gateway/interx/block.go:511.100,512.54 1 0
github.com/KiraCore/interx/gateway/interx/block.go:512.54,521.71 7 0
github.com/KiraCore/interx/gateway/interx/block.go:538.3,538.129 1 0
github.com/KiraCore/interx/gateway/interx/block.go:521.71,523.4 1 0
github.com/KiraCore/interx/gateway/interx/block.go:523.9,524.78 1 0
github.com/KiraCore/interx/gateway/interx/block.go:535.4,535.97 1 0
github.com/KiraCore/interx/gateway/interx/block.go:524.78,526.14 2 0
github.com/KiraCore/interx/gateway/interx/block.go:526.14,532.6 4 0
