mode: set
github.com/KiraCore/interx/gateway/kira/gov.go:20.90,32.2 10 0
github.com/KiraCore/interx/gateway/kira/gov.go:34.115,42.19 7 1
github.com/KiraCore/interx/gateway/kira/gov.go:45.2,45.22 1 1
github.com/KiraCore/interx/gateway/kira/gov.go:48.2,48.21 1 1
github.com/KiraCore/interx/gateway/kira/gov.go:51.2,51.26 1 1
github.com/KiraCore/interx/gateway/kira/gov.go:55.2,59.41 3 1
github.com/KiraCore/interx/gateway/kira/gov.go:42.19,44.3 1 0
github.com/KiraCore/interx/gateway/kira/gov.go:45.22,47.3 1 0
github.com/KiraCore/interx/gateway/kira/gov.go:48.21,50.3 1 0
github.com/KiraCore/interx/gateway/kira/gov.go:51.26,53.3 1 0
github.com/KiraCore/interx/gateway/kira/gov.go:63.100,64.54 1 0
github.com/KiraCore/interx/gateway/kira/gov.go:64.54,71.71 5 0
github.com/KiraCore/interx/gateway/kira/gov.go:88.3,88.129 1 0
github.com/KiraCore/interx/gateway/kira/gov.go:71.71,73.4 1 0
github.com/KiraCore/interx/gateway/kira/gov.go:73.9,74.78 1 0
github.com/KiraCore/interx/gateway/kira/gov.go:85.4,85.96 1 0
github.com/KiraCore/interx/gateway/kira/gov.go:74.78,76.14 2 0
github.com/KiraCore/interx/gateway/kira/gov.go:76.14,82.6 4 0
github.com/KiraCore/interx/gateway/kira/gov.go:92.123,96.20 3 1
github.com/KiraCore/interx/gateway/kira/gov.go:121.2,121.33 1 1
github.com/KiraCore/interx/gateway/kira/gov.go:96.20,103.17 4 1
github.com/KiraCore/interx/gateway/kira/gov.go:108.3,109.17 2 1
github.com/KiraCore/interx/gateway/kira/gov.go:114.3,118.135 3 1
github.com/KiraCore/interx/gateway/kira/gov.go:103.17,106.4 2 0
github.com/KiraCore/interx/gateway/kira/gov.go:109.17,112.4 2 0
github.com/KiraCore/interx/gateway/kira/gov.go:125.96,126.54 1 0
github.com/KiraCore/interx/gateway/kira/gov.go:126.54,135.67 7 0
github.com/KiraCore/interx/gateway/kira/gov.go:152.3,152.125 1 0
github.com/KiraCore/interx/gateway/kira/gov.go:135.67,137.4 1 0
github.com/KiraCore/interx/gateway/kira/gov.go:137.9,138.74 1 0
github.com/KiraCore/interx/gateway/kira/gov.go:149.4,149.97 1 0
github.com/KiraCore/interx/gateway/kira/gov.go:138.74,140.14 2 0
github.com/KiraCore/interx/gateway/kira/gov.go:140.14,146.6 4 0
github.com/KiraCore/interx/gateway/kira/gov.go:156.115,159.2 2 1
github.com/KiraCore/interx/gateway/kira/gov.go:162.100,163.54 1 0
github.com/KiraCore/interx/gateway/kira/gov.go:163.54,170.71 5 0
github.com/KiraCore/interx/gateway/kira/gov.go:187.3,187.129 1 0
github.com/KiraCore/interx/gateway/kira/gov.go:170.71,172.4 1 0
github.com/KiraCore/interx/gateway/kira/gov.go:172.9,173.78 1 0
github.com/KiraCore/interx/gateway/kira/gov.go:184.4,184.96 1 0
github.com/KiraCore/interx/gateway/kira/gov.go:173.78,175.14 2 0
github.com/KiraCore/interx/gateway/kira/gov.go:175.14,181.6 4 0
github.com/KiraCore/interx/gateway/kira/gov.go:191.110,194.2 2 1
github.com/KiraCore/interx/gateway/kira/gov.go:197.95,198.54 1 0
github.com/KiraCore/interx/gateway/kira/gov.go:198.54,205.66 5 0
github.com/KiraCore/interx/gateway/kira/gov.go:222.3,222.124 1 0
github.com/KiraCore/interx/gateway/kira/gov.go:205.66,207.4 1 0
github.com/KiraCore/interx/gateway/kira/gov.go:207.9,208.73 1 0
github.com/KiraCore/interx/gateway/kira/gov.go:219.4,219.91 1 0
github.com/KiraCore/interx/gateway/kira/gov.go:208.73,210.14 2 0
github.com/KiraCore/interx/gateway/kira/gov.go:210.14,216.6 4 0
github.com/KiraCore/interx/gateway/kira/gov.go:226.111,229.2 2 0
github.com/KiraCore/interx/gateway/kira/gov.go:232.96,233.54 1 0
github.com/KiraCore/interx/gateway/kira/gov.go:233.54,240.67 5 0
github.com/KiraCore/interx/gateway/kira/gov.go:257.3,257.125 1 0
github.com/KiraCore/interx/gateway/kira/gov.go:240.67,242.4 1 0
github.com/KiraCore/interx/gateway/kira/gov.go:242.9,243.74 1 0
github.com/KiraCore/interx/gateway/kira/gov.go:254.4,254.92 1 0
github.com/KiraCore/interx/gateway/kira/gov.go:243.74,245.14 2 0
github.com/KiraCore/interx/gateway/kira/gov.go:245.14,251.6 4 0
github.com/KiraCore/interx/gateway/kira/main.go:9.89,20.2 10 0
github.com/KiraCore/interx/gateway/kira/proposal.go:18.98,28.2 8 0
github.com/KiraCore/interx/gateway/kira/proposal.go:30.108,40.21 9 0
github.com/KiraCore/interx/gateway/kira/proposal.go:43.2,43.19 1 0
github.com/KiraCore/interx/gateway/kira/proposal.go:46.2,46.22 1 0
github.com/KiraCore/interx/gateway/kira/proposal.go:49.2,49.21 1 0
github.com/KiraCore/interx/gateway/kira/proposal.go:52.2,52.26 1 0
github.com/KiraCore/interx/gateway/kira/proposal.go:55.2,55.23 1 0
github.com/KiraCore/interx/gateway/kira/proposal.go:59.2,62.41 3 0
github.com/KiraCore/interx/gateway/kira/proposal.go:40.21,42.3 1 0
github.com/KiraCore/interx/gateway/kira/proposal.go:43.19,45.3 1 0
github.com/KiraCore/interx/gateway/kira/proposal.go:46.22,48.3 1 0
github.com/KiraCore/interx/gateway/kira/proposal.go:49.21,51.3 1 0
github.com/KiraCore/interx/gateway/kira/proposal.go:52.26,54.3 1 0
github.com/KiraCore/interx/gateway/kira/proposal.go:55.23,57.3 1 0
github.com/KiraCore/interx/gateway/kira/proposal.go:66.92,67.54 1 0
github.com/KiraCore/interx/gateway/kira/proposal.go:67.54,74.63 5 0
github.com/KiraCore/interx/gateway/kira/proposal.go:91.3,91.121 1 0
github.com/KiraCore/interx/gateway/kira/proposal.go:74.63,76.4 1 0
github.com/KiraCore/interx/gateway/kira/proposal.go:76.9,77.70 1 0
github.com/KiraCore/interx/gateway/kira/proposal.go:88.4,88.89 1 0
github.com/KiraCore/interx/gateway/kira/proposal.go:77.70,79.14 2 0
github.com/KiraCore/interx/gateway/kira/proposal.go:79.14,85.6 4 0
github.com/KiraCore/interx/gateway/kira/proposal.go:95.127,98.2 2 0
github.com/KiraCore/interx/gateway/kira/proposal.go:101.91,102.54 1 0
github.com/KiraCore/interx/gateway/kira/proposal.go:102.54,111.62 7 0
github.com/KiraCore/interx/gateway/kira/proposal.go:128.3,128.120 1 0
github.com/KiraCore/interx/gateway/kira/proposal.go:111.62,113.4 1 0
github.com/KiraCore/interx/gateway/kira/proposal.go:113.9,114.69 1 0
github.com/KiraCore/interx/gateway/kira/proposal.go:125.4,125.100 1 0
github.com/KiraCore/interx/gateway/kira/proposal.go:114.69,116.14 2 0
github.com/KiraCore/interx/gateway/kira/proposal.go:116.14,122.6 4 0
github.com/KiraCore/interx/gateway/kira/proposal.go:132.105,136.20 3 0
github.com/KiraCore/interx/gateway/kira/proposal.go:187.2,187.37 1 0
github.com/KiraCore/interx/gateway/kira/proposal.go:136.20,149.17 3 0
github.com/KiraCore/interx/gateway/kira/proposal.go:154.3,155.17 2 0
github.com/KiraCore/interx/gateway/kira/proposal.go:160.3,162.39 2 0
github.com/KiraCore/interx/gateway/kira/proposal.go:184.3,184.19 1 0
github.com/KiraCore/interx/gateway/kira/proposal.go:149.17,152.4 2 0
github.com/KiraCore/interx/gateway/kira/proposal.go:155.17,158.4 2 0
github.com/KiraCore/interx/gateway/kira/proposal.go:162.39,171.54 7 0
github.com/KiraCore/interx/gateway/kira/proposal.go:174.4,175.54 2 0
github.com/KiraCore/interx/gateway/kira/proposal.go:179.4,181.37 2 0
github.com/KiraCore/interx/gateway/kira/proposal.go:171.54,173.5 1 0
github.com/KiraCore/interx/gateway/kira/proposal.go:175.54,177.5 1 0
github.com/KiraCore/interx/gateway/kira/proposal.go:191.89,192.54 1 0
github.com/KiraCore/interx/gateway/kira/proposal.go:192.54,201.60 7 0
github.com/KiraCore/interx/gateway/kira/proposal.go:218.3,218.118 1 0
github.com/KiraCore/interx/gateway/kira/proposal.go:201.60,203.4 1 0
github.com/KiraCore/interx/gateway/kira/proposal.go:203.9,204.67 1 0
github.com/KiraCore/interx/gateway/kira/proposal.go:215.4,215.86 1 0
github.com/KiraCore/interx/gateway/kira/proposal.go:204.67,206.14 2 0
github.com/KiraCore/interx/gateway/kira/proposal.go:206.14,212.6 4 0
github.com/KiraCore/interx/gateway/kira/proposal.go:222.104,226.20 3 0
github.com/KiraCore/interx/gateway/kira/proposal.go:262.2,262.37 1 0
github.com/KiraCore/interx/gateway/kira/proposal.go:226.20,236.17 3 0
github.com/KiraCore/interx/gateway/kira/proposal.go:241.3,242.17 2 0
github.com/KiraCore/interx/gateway/kira/proposal.go:247.3,249.37 2 0
github.com/KiraCore/interx/gateway/kira/proposal.go:259.3,259.18 1 0
github.com/KiraCore/interx/gateway/kira/proposal.go:236.17,239.4 2 0
github.com/KiraCore/interx/gateway/kira/proposal.go:242.17,245.4 2 0
github.com/KiraCore/interx/gateway/kira/proposal.go:249.37,257.4 5 0
github.com/KiraCore/interx/gateway/kira/proposal.go:266.88,267.54 1 0
github.com/KiraCore/interx/gateway/kira/proposal.go:267.54,276.59 7 0
github.com/KiraCore/interx/gateway/kira/proposal.go:293.3,293.117 1 0
github.com/KiraCore/interx/gateway/kira/proposal.go:276.59,278.4 1 0
github.com/KiraCore/interx/gateway/kira/proposal.go:278.9,279.66 1 0
github.com/KiraCore/interx/gateway/kira/proposal.go:290.4,290.85 1 0
github.com/KiraCore/interx/gateway/kira/proposal.go:279.66,281.14 2 0
github.com/KiraCore/interx/gateway/kira/proposal.go:281.14,287.6 4 0
github.com/KiraCore/interx/gateway/kira/tokens.go:15.93,21.2 4 0
github.com/KiraCore/interx/gateway/kira/tokens.go:23.116,40.31 6 0
github.com/KiraCore/interx/gateway/kira/tokens.go:64.2,64.35 1 0
github.com/KiraCore/interx/gateway/kira/tokens.go:40.31,42.38 2 0
github.com/KiraCore/interx/gateway/kira/tokens.go:42.38,43.40 1 0
github.com/KiraCore/interx/gateway/kira/tokens.go:58.4,58.12 1 0
github.com/KiraCore/interx/gateway/kira/tokens.go:43.40,44.30 1 0
github.com/KiraCore/interx/gateway/kira/tokens.go:44.30,55.11 3 0
github.com/KiraCore/interx/gateway/kira/tokens.go:58.12,59.10 1 0
github.com/KiraCore/interx/gateway/kira/tokens.go:68.100,69.54 1 0
github.com/KiraCore/interx/gateway/kira/tokens.go:69.54,76.71 5 0
github.com/KiraCore/interx/gateway/kira/tokens.go:93.3,93.129 1 0
github.com/KiraCore/interx/gateway/kira/tokens.go:76.71,78.4 1 0
github.com/KiraCore/interx/gateway/kira/tokens.go:78.9,79.78 1 0
github.com/KiraCore/interx/gateway/kira/tokens.go:90.4,90.97 1 0
github.com/KiraCore/interx/gateway/kira/tokens.go:79.78,81.14 2 0
github.com/KiraCore/interx/gateway/kira/tokens.go:81.14,87.6 4 0
github.com/KiraCore/interx/gateway/kira/tokens.go:97.114,100.2 2 0
github.com/KiraCore/interx/gateway/kira/tokens.go:103.98,104.54 1 0
github.com/KiraCore/interx/gateway/kira/tokens.go:104.54,111.69 5 0
github.com/KiraCore/interx/gateway/kira/tokens.go:128.3,128.127 1 0
github.com/KiraCore/interx/gateway/kira/tokens.go:111.69,113.4 1 0
github.com/KiraCore/interx/gateway/kira/tokens.go:113.9,114.76 1 0
github.com/KiraCore/interx/gateway/kira/tokens.go:125.4,125.95 1 0
github.com/KiraCore/interx/gateway/kira/tokens.go:114.76,116.14 2 0
github.com/KiraCore/interx/gateway/kira/tokens.go:116.14,122.6 4 0
github.com/KiraCore/interx/gateway/kira/identity_registrar.go:16.100,32.2 14 0
github.com/KiraCore/interx/gateway/kira/identity_registrar.go:34.113,37.2 2 0
github.com/KiraCore/interx/gateway/kira/identity_registrar.go:39.97,40.54 1 0
github.com/KiraCore/interx/gateway/kira/identity_registrar.go:40.54,47.68 5 0
github.com/KiraCore/interx/gateway/kira/identity_registrar.go:64.3,64.126 1 0
github.com/KiraCore/interx/gateway/kira/identity_registrar.go:47.68,49.4 1 0
github.com/KiraCore/interx/gateway/kira/identity_registrar.go:49.9,50.75 1 0
github.com/KiraCore/interx/gateway/kira/identity_registrar.go:61.4,61.94 1 0
github.com/KiraCore/interx/gateway/kira/identity_registrar.go:50.75,52.14 2 0
github.com/KiraCore/interx/gateway/kira/identity_registrar.go:52.14,58.6 4 0
github.com/KiraCore/interx/gateway/kira/identity_registrar.go:68.123,77.2 6 0
github.com/KiraCore/interx/gateway/kira/identity_registrar.go:79.107,80.54 1 0
github.com/KiraCore/interx/gateway/kira/identity_registrar.go:80.54,87.78 5 0
github.com/KiraCore/interx/gateway/kira/identity_registrar.go:104.3,104.136 1 0
github.com/KiraCore/interx/gateway/kira/identity_registrar.go:87.78,89.4 1 0
github.com/KiraCore/interx/gateway/kira/identity_registrar.go:89.9,90.85 1 0
github.com/KiraCore/interx/gateway/kira/identity_registrar.go:101.4,101.104 1 0
github.com/KiraCore/interx/gateway/kira/identity_registrar.go:90.85,92.14 2 0
github.com/KiraCore/interx/gateway/kira/identity_registrar.go:92.14,98.6 4 0
github.com/KiraCore/interx/gateway/kira/identity_registrar.go:108.117,116.19 7 0
github.com/KiraCore/interx/gateway/kira/identity_registrar.go:119.2,119.22 1 0
github.com/KiraCore/interx/gateway/kira/identity_registrar.go:122.2,122.21 1 0
github.com/KiraCore/interx/gateway/kira/identity_registrar.go:125.2,125.26 1 0
github.com/KiraCore/interx/gateway/kira/identity_registrar.go:129.2,132.41 3 0
github.com/KiraCore/interx/gateway/kira/identity_registrar.go:116.19,118.3 1 0
github.com/KiraCore/interx/gateway/kira/identity_registrar.go:119.22,121.3 1 0
github.com/KiraCore/interx/gateway/kira/identity_registrar.go:122.21,124.3 1 0
github.com/KiraCore/interx/gateway/kira/identity_registrar.go:125.26,127.3 1 0
github.com/KiraCore/interx/gateway/kira/identity_registrar.go:135.101,136.54 1 0
github.com/KiraCore/interx/gateway/kira/identity_registrar.go:136.54,143.72 5 0
github.com/KiraCore/interx/gateway/kira/identity_registrar.go:160.3,160.130 1 0
github.com/KiraCore/interx/gateway/kira/identity_registrar.go:143.72,145.4 1 0
github.com/KiraCore/interx/gateway/kira/identity_registrar.go:145.9,146.79 1 0
github.com/KiraCore/interx/gateway/kira/identity_registrar.go:157.4,157.98 1 0
github.com/KiraCore/interx/gateway/kira/identity_registrar.go:146.79,148.14 2 0
github.com/KiraCore/interx/gateway/kira/identity_registrar.go:148.14,154.6 4 0
github.com/KiraCore/interx/gateway/kira/identity_registrar.go:164.126,167.2 2 0
github.com/KiraCore/interx/gateway/kira/identity_registrar.go:169.103,170.54 1 0
github.com/KiraCore/interx/gateway/kira/identity_registrar.go:170.54,177.81 5 0
github.com/KiraCore/interx/gateway/kira/identity_registrar.go:194.3,194.139 1 0
github.com/KiraCore/interx/gateway/kira/identity_registrar.go:177.81,179.4 1 0
github.com/KiraCore/interx/gateway/kira/identity_registrar.go:179.9,180.88 1 0
github.com/KiraCore/interx/gateway/kira/identity_registrar.go:191.4,191.107 1 0
github.com/KiraCore/interx/gateway/kira/identity_registrar.go:180.88,182.14 2 0
github.com/KiraCore/interx/gateway/kira/identity_registrar.go:182.14,188.6 4 0
github.com/KiraCore/interx/gateway/kira/identity_registrar.go:198.138,211.19 11 0
github.com/KiraCore/interx/gateway/kira/identity_registrar.go:214.2,214.22 1 0
github.com/KiraCore/interx/gateway/kira/identity_registrar.go:217.2,217.21 1 0
github.com/KiraCore/interx/gateway/kira/identity_registrar.go:220.2,220.26 1 0
github.com/KiraCore/interx/gateway/kira/identity_registrar.go:224.2,227.41 3 0
github.com/KiraCore/interx/gateway/kira/identity_registrar.go:211.19,213.3 1 0
github.com/KiraCore/interx/gateway/kira/identity_registrar.go:214.22,216.3 1 0
github.com/KiraCore/interx/gateway/kira/identity_registrar.go:217.21,219.3 1 0
github.com/KiraCore/interx/gateway/kira/identity_registrar.go:220.26,222.3 1 0
github.com/KiraCore/interx/gateway/kira/identity_registrar.go:230.115,231.54 1 0
github.com/KiraCore/interx/gateway/kira/identity_registrar.go:231.54,238.93 5 0
github.com/KiraCore/interx/gateway/kira/identity_registrar.go:255.3,255.151 1 0
github.com/KiraCore/interx/gateway/kira/identity_registrar.go:238.93,240.4 1 0
github.com/KiraCore/interx/gateway/kira/identity_registrar.go:240.9,241.100 1 0
github.com/KiraCore/interx/gateway/kira/identity_registrar.go:252.4,252.119 1 0
github.com/KiraCore/interx/gateway/kira/identity_registrar.go:241.100,243.14 2 0
github.com/KiraCore/interx/gateway/kira/identity_registrar.go:243.14,249.6 4 0
github.com/KiraCore/interx/gateway/kira/identity_registrar.go:259.137,272.19 11 0
github.com/KiraCore/interx/gateway/kira/identity_registrar.go:275.2,275.22 1 0
github.com/KiraCore/interx/gateway/kira/identity_registrar.go:278.2,278.21 1 0
github.com/KiraCore/interx/gateway/kira/identity_registrar.go:281.2,281.26 1 0
github.com/KiraCore/interx/gateway/kira/identity_registrar.go:285.2,288.41 3 0
github.com/KiraCore/interx/gateway/kira/identity_registrar.go:272.19,274.3 1 0
github.com/KiraCore/interx/gateway/kira/identity_registrar.go:275.22,277.3 1 0
github.com/KiraCore/interx/gateway/kira/identity_registrar.go:278.21,280.3 1 0
github.com/KiraCore/interx/gateway/kira/identity_registrar.go:281.26,283.3 1 0
github.com/KiraCore/interx/gateway/kira/identity_registrar.go:291.114,292.54 1 0
github.com/KiraCore/interx/gateway/kira/identity_registrar.go:292.54,299.92 5 0
github.com/KiraCore/interx/gateway/kira/identity_registrar.go:316.3,316.150 1 0
github.com/KiraCore/interx/gateway/kira/identity_registrar.go:299.92,301.4 1 0
github.com/KiraCore/interx/gateway/kira/identity_registrar.go:301.9,302.99 1 0
github.com/KiraCore/interx/gateway/kira/identity_registrar.go:313.4,313.118 1 0
github.com/KiraCore/interx/gateway/kira/identity_registrar.go:302.99,304.14 2 0
github.com/KiraCore/interx/gateway/kira/identity_registrar.go:304.14,310.6 4 0
github.com/KiraCore/interx/gateway/kira/identity_registrar.go:320.130,328.19 7 0
github.com/KiraCore/interx/gateway/kira/identity_registrar.go:331.2,331.22 1 0
github.com/KiraCore/interx/gateway/kira/identity_registrar.go:334.2,334.21 1 0
github.com/KiraCore/interx/gateway/kira/identity_registrar.go:337.2,337.26 1 0
github.com/KiraCore/interx/gateway/kira/identity_registrar.go:341.2,344.41 3 0
github.com/KiraCore/interx/gateway/kira/identity_registrar.go:328.19,330.3 1 0
github.com/KiraCore/interx/gateway/kira/identity_registrar.go:331.22,333.3 1 0
github.com/KiraCore/interx/gateway/kira/identity_registrar.go:334.21,336.3 1 0
github.com/KiraCore/interx/gateway/kira/identity_registrar.go:337.26,339.3 1 0
github.com/KiraCore/interx/gateway/kira/identity_registrar.go:347.107,348.54 1 0
github.com/KiraCore/interx/gateway/kira/identity_registrar.go:348.54,355.72 5 0
github.com/KiraCore/interx/gateway/kira/identity_registrar.go:372.3,372.130 1 0
github.com/KiraCore/interx/gateway/kira/identity_registrar.go:355.72,357.4 1 0
github.com/KiraCore/interx/gateway/kira/identity_registrar.go:357.9,358.79 1 0
github.com/KiraCore/interx/gateway/kira/identity_registrar.go:369.4,369.111 1 0
github.com/KiraCore/interx/gateway/kira/identity_registrar.go:358.79,360.14 2 0
github.com/KiraCore/interx/gateway/kira/identity_registrar.go:360.14,366.6 4 0
github.com/KiraCore/interx/gateway/kira/permission.go:16.100,20.2 2 0
github.com/KiraCore/interx/gateway/kira/permission.go:22.119,27.16 4 0
github.com/KiraCore/interx/gateway/kira/permission.go:32.2,35.41 3 0
github.com/KiraCore/interx/gateway/kira/permission.go:27.16,30.3 2 0
github.com/KiraCore/interx/gateway/kira/permission.go:39.103,40.54 1 0
github.com/KiraCore/interx/gateway/kira/permission.go:40.54,47.74 5 0
github.com/KiraCore/interx/gateway/kira/permission.go:64.3,64.117 1 0
github.com/KiraCore/interx/gateway/kira/permission.go:47.74,49.4 1 0
github.com/KiraCore/interx/gateway/kira/permission.go:49.9,50.81 1 0
github.com/KiraCore/interx/gateway/kira/permission.go:61.4,61.100 1 0
github.com/KiraCore/interx/gateway/kira/permission.go:50.81,52.14 2 0
github.com/KiraCore/interx/gateway/kira/permission.go:52.14,58.6 4 0
github.com/KiraCore/interx/gateway/kira/query.go:14.92,20.2 4 0
github.com/KiraCore/interx/gateway/kira/query.go:22.79,26.2 2 0
github.com/KiraCore/interx/gateway/kira/query.go:29.58,30.54 1 0
github.com/KiraCore/interx/gateway/kira/query.go:30.54,38.3 5 0
github.com/KiraCore/interx/gateway/kira/query.go:42.62,43.54 1 0
github.com/KiraCore/interx/gateway/kira/query.go:43.54,50.64 5 0
github.com/KiraCore/interx/gateway/kira/query.go:67.3,67.122 1 0
github.com/KiraCore/interx/gateway/kira/query.go:50.64,52.4 1 0
github.com/KiraCore/interx/gateway/kira/query.go:52.9,53.71 1 0
github.com/KiraCore/interx/gateway/kira/query.go:64.4,64.107 1 0
github.com/KiraCore/interx/gateway/kira/query.go:53.71,55.14 2 0
github.com/KiraCore/interx/gateway/kira/query.go:55.14,61.6 4 0
github.com/KiraCore/interx/gateway/kira/role.go:16.94,22.2 4 0
github.com/KiraCore/interx/gateway/kira/role.go:24.104,27.2 2 0
github.com/KiraCore/interx/gateway/kira/role.go:30.88,31.54 1 0
github.com/KiraCore/interx/gateway/kira/role.go:31.54,38.59 5 0
github.com/KiraCore/interx/gateway/kira/role.go:55.3,55.117 1 0
github.com/KiraCore/interx/gateway/kira/role.go:38.59,40.4 1 0
github.com/KiraCore/interx/gateway/kira/role.go:40.9,41.66 1 0
github.com/KiraCore/interx/gateway/kira/role.go:52.4,52.85 1 0
github.com/KiraCore/interx/gateway/kira/role.go:41.66,43.14 2 0
github.com/KiraCore/interx/gateway/kira/role.go:43.14,49.6 4 0
github.com/KiraCore/interx/gateway/kira/role.go:59.113,64.16 4 0
github.com/KiraCore/interx/gateway/kira/role.go:69.2,72.41 3 0
github.com/KiraCore/interx/gateway/kira/role.go:64.16,67.3 2 0
github.com/KiraCore/interx/gateway/kira/role.go:76.97,77.54 1 0
github.com/KiraCore/interx/gateway/kira/role.go:77.54,84.68 5 0
github.com/KiraCore/interx/gateway/kira/role.go:101.3,101.126 1 0
github.com/KiraCore/interx/gateway/kira/role.go:84.68,86.4 1 0
github.com/KiraCore/interx/gateway/kira/role.go:86.9,87.75 1 0
github.com/KiraCore/interx/gateway/kira/role.go:98.4,98.94 1 0
github.com/KiraCore/interx/gateway/kira/role.go:87.75,89.14 2 0
github.com/KiraCore/interx/gateway/kira/role.go:89.14,95.6 4 0
github.com/KiraCore/interx/gateway/kira/spending.go:14.95,20.2 4 0
github.com/KiraCore/interx/gateway/kira/spending.go:22.112,27.23 4 0
github.com/KiraCore/interx/gateway/kira/spending.go:38.2,38.41 1 0
github.com/KiraCore/interx/gateway/kira/spending.go:27.23,30.3 2 0
github.com/KiraCore/interx/gateway/kira/spending.go:30.8,30.27 1 0
github.com/KiraCore/interx/gateway/kira/spending.go:30.27,33.3 2 0
github.com/KiraCore/interx/gateway/kira/spending.go:33.8,36.3 2 0
github.com/KiraCore/interx/gateway/kira/spending.go:42.96,43.54 1 0
github.com/KiraCore/interx/gateway/kira/spending.go:43.54,50.67 5 0
github.com/KiraCore/interx/gateway/kira/spending.go:67.3,67.125 1 0
github.com/KiraCore/interx/gateway/kira/spending.go:50.67,52.4 1 0
github.com/KiraCore/interx/gateway/kira/spending.go:52.9,53.74 1 0
github.com/KiraCore/interx/gateway/kira/spending.go:64.4,64.93 1 0
github.com/KiraCore/interx/gateway/kira/spending.go:53.74,55.14 2 0
github.com/KiraCore/interx/gateway/kira/spending.go:55.14,61.6 4 0
github.com/KiraCore/interx/gateway/kira/spending.go:71.119,75.20 3 0
github.com/KiraCore/interx/gateway/kira/spending.go:80.2,80.41 1 0
github.com/KiraCore/interx/gateway/kira/spending.go:75.20,78.3 2 0
github.com/KiraCore/interx/gateway/kira/spending.go:84.104,85.54 1 0
github.com/KiraCore/interx/gateway/kira/spending.go:85.54,92.75 5 0
github.com/KiraCore/interx/gateway/kira/spending.go:109.3,109.133 1 0
github.com/KiraCore/interx/gateway/kira/spending.go:92.75,94.4 1 0
github.com/KiraCore/interx/gateway/kira/spending.go:94.9,95.82 1 0
github.com/KiraCore/interx/gateway/kira/spending.go:106.4,106.100 1 0
github.com/KiraCore/interx/gateway/kira/spending.go:95.82,97.14 2 0
github.com/KiraCore/interx/gateway/kira/spending.go:97.14,103.6 4 0
github.com/KiraCore/interx/gateway/kira/ubi.go:14.90,18.2 2 0
github.com/KiraCore/interx/gateway/kira/ubi.go:20.109,24.20 3 0
github.com/KiraCore/interx/gateway/kira/ubi.go:32.2,32.41 1 0
github.com/KiraCore/interx/gateway/kira/ubi.go:24.20,27.3 2 0
github.com/KiraCore/interx/gateway/kira/ubi.go:27.8,30.3 2 0
github.com/KiraCore/interx/gateway/kira/ubi.go:36.93,37.54 1 0
github.com/KiraCore/interx/gateway/kira/ubi.go:37.54,44.64 5 0
github.com/KiraCore/interx/gateway/kira/ubi.go:61.3,61.122 1 0
github.com/KiraCore/interx/gateway/kira/ubi.go:44.64,46.4 1 0
github.com/KiraCore/interx/gateway/kira/ubi.go:46.9,47.71 1 0
github.com/KiraCore/interx/gateway/kira/ubi.go:58.4,58.90 1 0
github.com/KiraCore/interx/gateway/kira/ubi.go:47.71,49.14 2 0
github.com/KiraCore/interx/gateway/kira/ubi.go:49.14,55.6 4 0
github.com/KiraCore/interx/gateway/kira/upgrade.go:14.94,20.2 4 0
github.com/KiraCore/interx/gateway/kira/upgrade.go:22.110,25.2 2 0
github.com/KiraCore/interx/gateway/kira/upgrade.go:28.94,29.54 1 0
github.com/KiraCore/interx/gateway/kira/upgrade.go:29.54,36.65 5 0
github.com/KiraCore/interx/gateway/kira/upgrade.go:53.3,53.123 1 0
github.com/KiraCore/interx/gateway/kira/upgrade.go:36.65,38.4 1 0
github.com/KiraCore/interx/gateway/kira/upgrade.go:38.9,39.72 1 0
github.com/KiraCore/interx/gateway/kira/upgrade.go:50.4,50.91 1 0
github.com/KiraCore/interx/gateway/kira/upgrade.go:39.72,41.14 2 0
github.com/KiraCore/interx/gateway/kira/upgrade.go:41.14,47.6 4 0
github.com/KiraCore/interx/gateway/kira/upgrade.go:57.107,60.2 2 0
github.com/KiraCore/interx/gateway/kira/upgrade.go:63.91,64.54 1 0
github.com/KiraCore/interx/gateway/kira/upgrade.go:64.54,71.62 5 0
github.com/KiraCore/interx/gateway/kira/upgrade.go:88.3,88.120 1 0
github.com/KiraCore/interx/gateway/kira/upgrade.go:71.62,73.4 1 0
github.com/KiraCore/interx/gateway/kira/upgrade.go:73.9,74.69 1 0
github.com/KiraCore/interx/gateway/kira/upgrade.go:85.4,85.88 1 0
github.com/KiraCore/interx/gateway/kira/upgrade.go:74.69,76.14 2 0
github.com/KiraCore/interx/gateway/kira/upgrade.go:76.14,82.6 4 0
